<!DOCTYPE html PUBLIC "-//W3C//DTD XHTML 1.1//EN http://www.w3.org/TR/xhtml11/DTD/xhtml11.dtd">
<html xmlns="http://www.w3.org/1999/xhtml">
<head>
<title>TestNG:  Unit Test</title>
<style type="text/css">
table caption,table.info_table,table.param,table.passed,table.failed {margin-bottom:10px;border:1px solid #000099;border-collapse:collapse;empty-cells:show;}
table.info_table td,table.info_table th,table.param td,table.param th,table.passed td,table.passed th,table.failed td,table.failed th {
border:1px solid #000099;padding:.25em .5em .25em .5em
}
table.param th {vertical-align:bottom}
td.numi,th.numi,td.numi_attn {
text-align:right
}
tr.total td {font-weight:bold}
table caption {
text-align:center;font-weight:bold;
}
table.passed tr.stripe td,table tr.passedodd td {background-color: #00AA00;}
table.passed td,table tr.passedeven td {background-color: #33FF33;}
table.passed tr.stripe td,table tr.skippedodd td {background-color: #cccccc;}
table.passed td,table tr.skippedodd td {background-color: #dddddd;}
table.failed tr.stripe td,table tr.failedodd td,table.param td.numi_attn {background-color: #FF3333;}
table.failed td,table tr.failedeven td,table.param tr.stripe td.numi_attn {background-color: #DD0000;}
tr.stripe td,tr.stripe th {background-color: #E6EBF9;}
p.totop {font-size:85%;text-align:center;border-bottom:2px black solid}
div.shootout {padding:2em;border:3px #4854A8 solid}
</style>
</head>
<body>
<table cellspacing=0 cellpadding=0 class="param">
<tr><th>Test</th><th class="numi">Methods<br/>Passed</th><th class="numi">Scenarios<br/>Passed</th><th class="numi"># skipped</th><th class="numi"># failed</th><th class="numi">Total<br/>Time</th><th class="numi">Included<br/>Groups</th><th class="numi">Excluded<br/>Groups</th></tr>
<tr><td style="text-align:left;padding-right:2em">DART UI TEST AUTOMATION</td><td class="numi">3</td><td class="numi">1</td><td class="numi">0</td><td class="numi_attn">3</td><td class="numi">316.6 seconds</td><td class="numi"></td><td class="numi"></td></tr>
</table>
<a id="summary"></a>
<table cellspacing=0 cellpadding=0 class="passed">
<tr><th>Class</th><th>Method</th><th># of<br/>Scenarios</th><th>Start</th><th>Time<br/>(ms)</th></tr>
<tr><th colspan="4">DART UI TEST AUTOMATION &#8212; failed</th></tr>
<tr class="failedodd"><td rowspan="3">com.hilabsdartui.testcases.DARTUI_ActionsKeywords<td><a href="#m1"><b>keywordEngine</b>  </a></td><td class="numi">2</td><td>1690532075329</td><td class="numi">156837</td></tr><tr class="failedodd"><td><a href="#m2"><b>keywordEngine</b>  </a></td><td class="numi">2</td><td>1690532075329</td><td class="numi">156837</td></tr><tr class="failedodd"><td><a href="#m3"><b>keywordEngine</b>  </a></td><td class="numi">2</td><td>1690532075329</td><td class="numi">156837</td></tr>
<tr><th colspan="4">DART UI TEST AUTOMATION &#8212; passed</th></tr>
<tr class="passedodd"><td rowspan="3">com.hilabsdartui.testcases.DARTUI_ActionsKeywords<td><a href="#m4"><b>keywordEngine</b>  </a></td><td class="numi">1</td><td>1690531930494</td><td class="numi">136581</td></tr><tr class="passedodd"><td><a href="#m5"><b>keywordEngine</b>  </a></td><td class="numi">1</td><td>1690531930494</td><td class="numi">136581</td></tr><tr class="passedodd"><td><a href="#m6"><b>keywordEngine</b>  </a></td><td class="numi">1</td><td>1690531930494</td><td class="numi">136581</td></tr>
</table>
<h1>DART UI TEST AUTOMATION</h1>
<a id="m1"></a><h2>com.hilabsdartui.testcases.DARTUI_ActionsKeywords:keywordEngine</h2>
<div style="padding-left:3em">
<p>org.openqa.selenium.TimeoutException: Expected condition failed: waiting for visibility of Proxy element for: DefaultElementLocator &apos;By.xpath: //*[name()=&apos;svg&apos;][@data-testid=&apos;PersonIcon&apos;]&apos; (tried for 30 second(s) with 500 milliseconds interval)</p>
com.hilabsdartui.testcases.DARTUI_ActionsKeywords.keywordEngine(DARTUI_ActionsKeywords.java:108)
<br/>27 lines not shown
<p>Caused by Expected condition failed: waiting for visibility of Proxy element for: DefaultElementLocator &apos;By.xpath: //*[name()=&apos;svg&apos;][@data-testid=&apos;PersonIcon&apos;]&apos; (tried for 30 second(s) with 500 milliseconds interval)</p>
org.openqa.selenium.support.ui.WebDriverWait.timeoutException(WebDriverWait.java:95)
<br/>at org.openqa.selenium.support.ui.FluentWait.until(FluentWait.java:272)
<br/>at com.hilabsdartui.pageobjects.HomePageObjects.CheckHomePage(HomePageObjects.java:86)
<br/>at com.hilabsdartui.testcases.DARTUI_ActionsKeywords.keywordEngine(DARTUI_ActionsKeywords.java:67)
<br/>27 lines not shown
<p>Caused by no such element: Unable to locate element: {&quot;method&quot;:&quot;xpath&quot;,&quot;selector&quot;:&quot;//*[name()=&apos;svg&apos;][@data-testid=&apos;PersonIcon&apos;]&quot;}
  (Session info: chrome=115.0.5790.110)
For documentation on this error, please visit: https://www.seleniumhq.org/exceptions/no_such_element.html
Build info: version: &apos;3.141.59&apos;, revision: &apos;e82be7d358&apos;, time: &apos;2018-11-14T08:17:03&apos;
System info: host: &apos;VDAASW10DC03725&apos;, ip: &apos;10.45.13.147&apos;, os.name: &apos;Windows 10&apos;, os.arch: &apos;amd64&apos;, os.version: &apos;10.0&apos;, java.version: &apos;20&apos;
Driver info: org.openqa.selenium.chrome.ChromeDriver
Capabilities {acceptInsecureCerts: false, browserName: chrome, browserVersion: 115.0.5790.110, chrome: {chromedriverVersion: 114.0.5735.90 (386bc09e8f4f..., userDataDir: C:\Users\AL36235\AppData\Lo...}, goog:chromeOptions: {debuggerAddress: localhost:50225}, javascriptEnabled: true, networkConnectionEnabled: false, pageLoadStrategy: normal, platform: WINDOWS, platformName: WINDOWS, proxy: Proxy(), setWindowRect: true, strictFileInteractability: false, timeouts: {implicit: 0, pageLoad: 300000, script: 30000}, unhandledPromptBehavior: dismiss and notify, webauthn:extension:credBlob: true, webauthn:extension:largeBlob: true, webauthn:extension:minPinLength: true, webauthn:extension:prf: true, webauthn:virtualAuthenticators: true}
Session ID: 0848de535cd4ea4779ef80d48f56dba6
*** Element info: {Using=xpath, value=//*[name()=&apos;svg&apos;][@data-testid=&apos;PersonIcon&apos;]}</p>
java.base/jdk.internal.reflect.DirectConstructorHandleAccessor.newInstance(DirectConstructorHandleAccessor.java:67)
<br/>at java.base/java.lang.reflect.Constructor.newInstanceWithCaller(Constructor.java:500)
<br/>at java.base/java.lang.reflect.Constructor.newInstance(Constructor.java:484)
<br/>at org.openqa.selenium.remote.http.W3CHttpResponseCodec.createException(W3CHttpResponseCodec.java:187)
<br/>at org.openqa.selenium.remote.http.W3CHttpResponseCodec.decode(W3CHttpResponseCodec.java:122)
<br/>at org.openqa.selenium.remote.http.W3CHttpResponseCodec.decode(W3CHttpResponseCodec.java:49)
<br/>at org.openqa.selenium.remote.HttpCommandExecutor.execute(HttpCommandExecutor.java:158)
<br/>at org.openqa.selenium.remote.service.DriverCommandExecutor.execute(DriverCommandExecutor.java:83)
<br/>at org.openqa.selenium.remote.RemoteWebDriver.execute(RemoteWebDriver.java:552)
<br/>at org.openqa.selenium.remote.RemoteWebDriver.findElement(RemoteWebDriver.java:323)
<br/>at org.openqa.selenium.remote.RemoteWebDriver.findElementByXPath(RemoteWebDriver.java:428)
<br/>at org.openqa.selenium.By$ByXPath.findElement(By.java:353)
<br/>at org.openqa.selenium.remote.RemoteWebDriver.findElement(RemoteWebDriver.java:315)
<br/>at org.openqa.selenium.support.pagefactory.DefaultElementLocator.findElement(DefaultElementLocator.java:69)
<br/>at org.openqa.selenium.support.pagefactory.internal.LocatingElementHandler.invoke(LocatingElementHandler.java:38)
<br/>at jdk.proxy2/jdk.proxy2.$Proxy11.isDisplayed(Unknown Source)
<br/>at org.openqa.selenium.support.ui.ExpectedConditions.elementIfVisible(ExpectedConditions.java:314)
<br/>at org.openqa.selenium.support.ui.ExpectedConditions.access$000(ExpectedConditions.java:43)
<br/>at org.openqa.selenium.support.ui.ExpectedConditions$10.apply(ExpectedConditions.java:300)
<br/>at org.openqa.selenium.support.ui.ExpectedConditions$10.apply(ExpectedConditions.java:297)
<br/>at org.openqa.selenium.support.ui.FluentWait.until(FluentWait.java:249)
<br/>at com.hilabsdartui.pageobjects.HomePageObjects.CheckHomePage(HomePageObjects.java:86)
<br/>at com.hilabsdartui.testcases.DARTUI_ActionsKeywords.keywordEngine(DARTUI_ActionsKeywords.java:67)
<br/>27 lines not shown
</div>
<p class="totop"><a href="#summary">back to summary</a></p>
<a id="m2"></a><h2>com.hilabsdartui.testcases.DARTUI_ActionsKeywords:keywordEngine</h2>
<div style="padding-left:3em">
<p>org.openqa.selenium.TimeoutException: Expected condition failed: waiting for visibility of Proxy element for: DefaultElementLocator &apos;By.xpath: //*[name()=&apos;svg&apos;][@data-testid=&apos;PersonIcon&apos;]&apos; (tried for 30 second(s) with 500 milliseconds interval)</p>
com.hilabsdartui.testcases.DARTUI_ActionsKeywords.keywordEngine(DARTUI_ActionsKeywords.java:108)
<br/>27 lines not shown
<p>Caused by Expected condition failed: waiting for visibility of Proxy element for: DefaultElementLocator &apos;By.xpath: //*[name()=&apos;svg&apos;][@data-testid=&apos;PersonIcon&apos;]&apos; (tried for 30 second(s) with 500 milliseconds interval)</p>
org.openqa.selenium.support.ui.WebDriverWait.timeoutException(WebDriverWait.java:95)
<br/>at org.openqa.selenium.support.ui.FluentWait.until(FluentWait.java:272)
<br/>at com.hilabsdartui.pageobjects.HomePageObjects.CheckHomePage(HomePageObjects.java:86)
<br/>at com.hilabsdartui.testcases.DARTUI_ActionsKeywords.keywordEngine(DARTUI_ActionsKeywords.java:67)
<br/>27 lines not shown
<p>Caused by no such element: Unable to locate element: {&quot;method&quot;:&quot;xpath&quot;,&quot;selector&quot;:&quot;//*[name()=&apos;svg&apos;][@data-testid=&apos;PersonIcon&apos;]&quot;}
  (Session info: chrome=115.0.5790.110)
For documentation on this error, please visit: https://www.seleniumhq.org/exceptions/no_such_element.html
Build info: version: &apos;3.141.59&apos;, revision: &apos;e82be7d358&apos;, time: &apos;2018-11-14T08:17:03&apos;
System info: host: &apos;VDAASW10DC03725&apos;, ip: &apos;10.45.13.147&apos;, os.name: &apos;Windows 10&apos;, os.arch: &apos;amd64&apos;, os.version: &apos;10.0&apos;, java.version: &apos;20&apos;
Driver info: org.openqa.selenium.chrome.ChromeDriver
Capabilities {acceptInsecureCerts: false, browserName: chrome, browserVersion: 115.0.5790.110, chrome: {chromedriverVersion: 114.0.5735.90 (386bc09e8f4f..., userDataDir: C:\Users\AL36235\AppData\Lo...}, goog:chromeOptions: {debuggerAddress: localhost:50144}, javascriptEnabled: true, networkConnectionEnabled: false, pageLoadStrategy: normal, platform: WINDOWS, platformName: WINDOWS, proxy: Proxy(), setWindowRect: true, strictFileInteractability: false, timeouts: {implicit: 0, pageLoad: 300000, script: 30000}, unhandledPromptBehavior: dismiss and notify, webauthn:extension:credBlob: true, webauthn:extension:largeBlob: true, webauthn:extension:minPinLength: true, webauthn:extension:prf: true, webauthn:virtualAuthenticators: true}
Session ID: 852a32a0f087c0f0da79981ed45d1882
*** Element info: {Using=xpath, value=//*[name()=&apos;svg&apos;][@data-testid=&apos;PersonIcon&apos;]}</p>
java.base/jdk.internal.reflect.DirectConstructorHandleAccessor.newInstance(DirectConstructorHandleAccessor.java:67)
<br/>at java.base/java.lang.reflect.Constructor.newInstanceWithCaller(Constructor.java:500)
<br/>at java.base/java.lang.reflect.Constructor.newInstance(Constructor.java:484)
<br/>at org.openqa.selenium.remote.http.W3CHttpResponseCodec.createException(W3CHttpResponseCodec.java:187)
<br/>at org.openqa.selenium.remote.http.W3CHttpResponseCodec.decode(W3CHttpResponseCodec.java:122)
<br/>at org.openqa.selenium.remote.http.W3CHttpResponseCodec.decode(W3CHttpResponseCodec.java:49)
<br/>at org.openqa.selenium.remote.HttpCommandExecutor.execute(HttpCommandExecutor.java:158)
<br/>at org.openqa.selenium.remote.service.DriverCommandExecutor.execute(DriverCommandExecutor.java:83)
<br/>at org.openqa.selenium.remote.RemoteWebDriver.execute(RemoteWebDriver.java:552)
<br/>at org.openqa.selenium.remote.RemoteWebDriver.findElement(RemoteWebDriver.java:323)
<br/>at org.openqa.selenium.remote.RemoteWebDriver.findElementByXPath(RemoteWebDriver.java:428)
<br/>at org.openqa.selenium.By$ByXPath.findElement(By.java:353)
<br/>at org.openqa.selenium.remote.RemoteWebDriver.findElement(RemoteWebDriver.java:315)
<br/>at org.openqa.selenium.support.pagefactory.DefaultElementLocator.findElement(DefaultElementLocator.java:69)
<br/>at org.openqa.selenium.support.pagefactory.internal.LocatingElementHandler.invoke(LocatingElementHandler.java:38)
<br/>at jdk.proxy2/jdk.proxy2.$Proxy11.isDisplayed(Unknown Source)
<br/>at org.openqa.selenium.support.ui.ExpectedConditions.elementIfVisible(ExpectedConditions.java:314)
<br/>at org.openqa.selenium.support.ui.ExpectedConditions.access$000(ExpectedConditions.java:43)
<br/>at org.openqa.selenium.support.ui.ExpectedConditions$10.apply(ExpectedConditions.java:300)
<br/>at org.openqa.selenium.support.ui.ExpectedConditions$10.apply(ExpectedConditions.java:297)
<br/>at org.openqa.selenium.support.ui.FluentWait.until(FluentWait.java:249)
<br/>at com.hilabsdartui.pageobjects.HomePageObjects.CheckHomePage(HomePageObjects.java:86)
<br/>at com.hilabsdartui.testcases.DARTUI_ActionsKeywords.keywordEngine(DARTUI_ActionsKeywords.java:67)
<br/>27 lines not shown
</div>
<p class="totop"><a href="#summary">back to summary</a></p>
<a id="m3"></a><h2>com.hilabsdartui.testcases.DARTUI_ActionsKeywords:keywordEngine</h2>
<p class="totop"><a href="#summary">back to summary</a></p>
</body></html>
